<html>
<body>
<pre>
<h1>Vision Build Log</h1>
<h2>Project:</h2>
G:\elecfan\Project_STM32\Project\cpptemplate\USER\main.uvproj
Project File Date:  02/07/2015

<h2>Output:</h2>
Rebuild target 'Template'
compiling stm32f10x_it.c...
compiling system_stm32f10x.c...
compiling main.cpp...
compiling core_cm3.c...
assembling startup_stm32f10x_hd.s...
compiling misc.c...
compiling stm32f10x_adc.c...
compiling stm32f10x_bkp.c...
compiling stm32f10x_can.c...
compiling stm32f10x_cec.c...
compiling stm32f10x_crc.c...
compiling stm32f10x_dac.c...
compiling stm32f10x_dbgmcu.c...
compiling stm32f10x_dma.c...
compiling stm32f10x_exti.c...
compiling stm32f10x_flash.c...
compiling stm32f10x_fsmc.c...
compiling stm32f10x_gpio.c...
compiling stm32f10x_i2c.c...
compiling stm32f10x_iwdg.c...
compiling stm32f10x_pwr.c...
compiling stm32f10x_rcc.c...
compiling stm32f10x_rtc.c...
compiling stm32f10x_sdio.c...
compiling stm32f10x_spi.c...
compiling stm32f10x_tim.c...
compiling stm32f10x_usart.c...
compiling stm32f10x_wwdg.c...
compiling MISC_def.cpp...
linking...
Program Size: Code=3200 RO-data=336 RW-data=44 ZI-data=1636  
FromELF: creating hex file...
"..\OBJ\main.axf" - 0 Error(s), 0 Warning(s).
ef.h(13): warning:  #1-D: last line of file ends without a newline
  #endif
..\LIB\PPPC\src\MISC_def.cpp(93): warning:  #1-D: last line of file ends without a newline
  }
..\LIB\PPPC\src\MISC_def.cpp: 2 warnings, 0 errors
linking...
Program Size: Code=3200 RO-data=336 RW-data=44 ZI-data=1636  
FromELF: creating hex file...
"..\OBJ\main.axf" - 0 Error(s), 3 Warning(s).
_Type n, FunctionalState e, u8 groupPri, u8 subPri)
..\LIB\PPPC\src\NVIC_typedef.cpp(4): error:  #20: identifier "u8" is undefined
        void NVIC_Type::Config(IRQn_Type n, FunctionalState e, u8 groupPri, u8 subPri)
..\LIB\PPPC\src\NVIC_typedef.cpp(4): error:  #20: identifier "u8" is undefined
        void NVIC_Type::Config(IRQn_Type n, FunctionalState e, u8 groupPri, u8 subPri)
..\LIB\PPPC\src\NVIC_typedef.cpp(6): error:  #20: identifier "DISABLE" is undefined
                if(e == DISABLE)
..\LIB\PPPC\src\NVIC_typedef.cpp(7): error:  #20: identifier "ICER" is undefined
                        ICER[n/32] = Bit(n%32);
..\LIB\PPPC\src\NVIC_typedef.cpp(7): error:  #20: identifier "Bit" is undefined
                        ICER[n/32] = Bit(n%32);
..\LIB\PPPC\src\NVIC_typedef.cpp(9): error:  #20: identifier "ISER" is undefined
                        ISER[n/32] = Bit(n%32);
..\LIB\PPPC\src\NVIC_typedef.cpp(9): error:  #20: identifier "Bit" is undefined
                        ISER[n/32] = Bit(n%32);
..\LIB\PPPC\src\NVIC_typedef.cpp(11): error:  #20: identifier "PriorityGroupingStyle" is undefined
                PriorityGroupingStyle s = scb.GetSetPriorityGrouping();
..\LIB\PPPC\src\NVIC_typedef.cpp(11): error:  #20: identifier "scb" is undefined
                PriorityGroupingStyle s = scb.GetSetPriorityGrouping();
..\LIB\PPPC\src\NVIC_typedef.cpp(15): error:  #20: identifier "GRP16_SUB1" is undefined
                case GRP16_SUB1:{
..\LIB\PPPC\src\NVIC_typedef.cpp(18): error:  #20: identifier "GRP8_SUB2" is undefined
                case GRP8_SUB2:{
..\LIB\PPPC\src\NVIC_typedef.cpp(20): error:  #20: identifier "BByte" is undefined
                        groupPri |= ((subPri & BByte(1)) << 4);
..\LIB\PPPC\src\NVIC_typedef.cpp(22): error:  #20: identifier "GRP4_SUB4" is undefined
                case GRP4_SUB4:{
..\LIB\PPPC\src\NVIC_typedef.cpp(24): error:  #20: identifier "BByte" is undefined
                        groupPri |= ((subPri & BByte(11)) << 4);
..\LIB\PPPC\src\NVIC_typedef.cpp(26): error:  #20: identifier "GRP2_SUB8" is undefined
                case GRP2_SUB8:{
..\LIB\PPPC\src\NVIC_typedef.cpp(28): error:  #20: identifier "BByte" is undefined
                        groupPri |= ((subPri & BByte(111)) << 4);
..\LIB\PPPC\src\NVIC_typedef.cpp(30): error:  #20: identifier "GRP1_SUB16" is undefined
                case GRP1_SUB16:{
..\LIB\PPPC\src\NVIC_typedef.cpp(38): warning:  #111-D: statement is unreachable
                IP[n] = groupPri;
..\LIB\PPPC\src\NVIC_typedef.cpp(38): error:  #20: identifier "IP" is undefined
                IP[n] = groupPri;
..\LIB\PPPC\src\NVIC_typedef.cpp: 1 warning, 21 errors
compiling USART_typedef.cpp...
..\LIB\PPPC\src\USART_typedef.cpp(7): error:  #276: name followed by "::" must be a class or namespace name
        void USART1_Struct::Write(char const * str)
..\LIB\PPPC\src\USART_typedef.cpp(11): error:  #20: identifier "TransmitDataRegisterEmpty" is undefined
                        while(!(TransmitDataRegisterEmpty()) );
..\LIB\PPPC\src\USART_typedef.cpp(12): error:  #20: identifier "Write" is undefined
                        Write(*str);
..\LIB\PPPC\src\USART_typedef.cpp(17): error:  #20: identifier "USART1_Struct" is undefined
        USART1_Struct& USART1_Struct::operator << (char const* str)
..\LIB\PPPC\src\USART_typedef.cpp(17): error:  #276: name followed by "::" must be a class or namespace name
        USART1_Struct& USART1_Struct::operator << (char const* str)
..\LIB\PPPC\src\USART_typedef.cpp(19): error:  #20: identifier "Write" is undefined
                Write(str);
..\LIB\PPPC\src\USART_typedef.cpp(20): error:  #258: "this" may only be used inside a nonstatic member function
                return *this;
..\LIB\PPPC\src\USART_typedef.cpp(25): error:  #276: name followed by "::" must be a class or namespace name
        void  USART1_Struct::Config(u32 br,u32 pclk
..\LIB\PPPC\src\USART_typedef.cpp(25): error:  #20: identifier "u32" is undefined
        void  USART1_Struct::Config(u32 br,u32 pclk
..\LIB\PPPC\src\USART_typedef.cpp(25): error:  #20: identifier "u32" is undefined
        void  USART1_Struct::Config(u32 br,u32 pclk
..\LIB\PPPC\src\USART_typedef.cpp(26): error:  #20: identifier "USART_WordLength" is undefined
                                                , USART_WordLength L
..\LIB\PPPC\src\USART_typedef.cpp(27): error:  #20: identifier "FunctionalState" is undefined
                                                , FunctionalState parity
..\LIB\PPPC\src\USART_typedef.cpp(28): error:  #20: identifier "USART_Parity" is undefined
                                                , USART_Parity pSel
..\LIB\PPPC\src\USART_typedef.cpp(29): error:  #20: identifier "USART_StopBits" is undefined
                                                , USART_StopBits s)
..\LIB\PPPC\src\USART_typedef.cpp(31): error:  #20: identifier "Disable" is undefined
                Disable();                              // 先失能
..\LIB\PPPC\src\USART_typedef.cpp(32): error:  #20: identifier "SetBaudRate" is undefined
                SetBaudRate(br, pclk);          // 设置波对率发生器
..\LIB\PPPC\src\USART_typedef.cpp(33): error:  #20: identifier "SetWordLen" is undefined
                SetWordLen(L);                          // 设置数据位
..\LIB\PPPC\src\USART_typedef.cpp(34): error:  #20: identifier "SetParity" is undefined
                SetParity(parity, pSel);        
..\LIB\PPPC\src\USART_typedef.cpp(35): error:  #20: identifier "SetStopBits" is undefined
                SetStopBits(s);                 // 停止位
..\LIB\PPPC\src\USART_typedef.cpp(36): error:  #20: identifier "Enable" is undefined
                Enable();                               // 使能串口
..\LIB\PPPC\src\USART_typedef.cpp(39): error:  #20: identifier "USART1_Struct" is undefined
        USART1_Struct& USART1_Struct::operator << (Manipulator m)
..\LIB\PPPC\src\USART_typedef.cpp(39): error:  #276: name followed by "::" must be a class or namespace name
        USART1_Struct& USART1_Struct::operator << (Manipulator m)
..\LIB\PPPC\src\USART_typedef.cpp(39): error:  #20: identifier "Manipulator" is undefined
        USART1_Struct& USART1_Struct::operator << (Manipulator m)
..\LIB\PPPC\src\USART_typedef.cpp(41): error:  #258: "this" may only be used inside a nonstatic member function
                (*m)(*this);
..\LIB\PPPC\src\USART_typedef.cpp(42): error:  #258: "this" may only be used inside a nonstatic member function
                return *this;
..\LIB\PPPC\src\USART_typedef.cpp(47): error:  #70: incomplete type is not allowed
        void endl(USART1_Struct& u)
..\LIB\PPPC\src\USART_typedef.cpp(47): error:  #20: identifier "USART1_Struct" is undefined
        void endl(USART1_Struct& u)
..\LIB\PPPC\src\USART_typedef.cpp(47): error:  #20: identifier "u" is undefined
        void endl(USART1_Struct& u)
..\LIB\PPPC\src\USART_typedef.cpp(48): error:  #65: expected a ";"
        {
..\LIB\PPPC\src\USART_typedef.cpp(51): warning:  #12-D: parsing restarts here after previous syntax error
  }
..\LIB\PPPC\src\USART_typedef.cpp: 1 warning, 29 errors
"..\OBJ\main.axf" - 50 Error(s), 2 Warning(s).
Target not created
